<?xml version="1.0" encoding="UTF-8"?>
<testng-results skipped="0" failed="0" ignored="0" total="2" passed="2">
  <reporter-output>
  </reporter-output>
  <suite name="Default suite" duration-ms="11123" started-at="2017-05-09T05:12:41Z" finished-at="2017-05-09T05:12:52Z">
    <groups>
    </groups>
    <test name="Default test" duration-ms="11123" started-at="2017-05-09T05:12:41Z" finished-at="2017-05-09T05:12:52Z">
      <class name="com.adactin.unittests.LoginPageTest">
        <test-method status="PASS" signature="txtPasswordText()[pri:0, instance:com.adactin.unittests.LoginPageTest@51565ec2]" name="txtPasswordText" duration-ms="10328" started-at="2017-05-09T10:42:41Z" finished-at="2017-05-09T10:42:52Z">
          <reporter-output>
          </reporter-output>
        </test-method> <!-- txtPasswordText -->
        <test-method status="PASS" signature="txtUsernameText()[pri:0, instance:com.adactin.unittests.LoginPageTest@51565ec2]" name="txtUsernameText" duration-ms="726" started-at="2017-05-09T10:42:52Z" finished-at="2017-05-09T10:42:52Z">
          <reporter-output>
          </reporter-output>
        </test-method> <!-- txtUsernameText -->
      </class> <!-- com.adactin.unittests.LoginPageTest -->
    </test> <!-- Default test -->
  </suite> <!-- Default suite -->
</testng-results>
