<?xml version="1.0" encoding="UTF-8"?>
<testng-results skipped="0" failed="0" ignored="0" total="2" passed="2">
  <reporter-output>
  </reporter-output>
  <suite name="Default suite" duration-ms="15993" started-at="2017-05-04T06:46:36Z" finished-at="2017-05-04T06:46:52Z">
    <groups>
    </groups>
    <test name="Default test" duration-ms="15993" started-at="2017-05-04T06:46:36Z" finished-at="2017-05-04T06:46:52Z">
      <class name="com.com.java.AdactinLogin">
        <test-method status="PASS" signature="beforeTest()[pri:0, instance:com.com.java.AdactinLogin@26be92ad]" name="beforeTest" is-config="true" duration-ms="8310" started-at="2017-05-04T12:16:36Z" finished-at="2017-05-04T12:16:44Z">
          <reporter-output>
          </reporter-output>
        </test-method> <!-- beforeTest -->
        <test-method status="PASS" signature="beforeMethod()[pri:0, instance:com.com.java.AdactinLogin@26be92ad]" name="beforeMethod" is-config="true" duration-ms="1497" started-at="2017-05-04T12:16:44Z" finished-at="2017-05-04T12:16:45Z">
          <reporter-output>
          </reporter-output>
        </test-method> <!-- beforeMethod -->
        <test-method status="PASS" signature="correctLogin()[pri:0, instance:com.com.java.AdactinLogin@26be92ad]" name="correctLogin" duration-ms="2509" started-at="2017-05-04T12:16:45Z" finished-at="2017-05-04T12:16:48Z">
          <reporter-output>
          </reporter-output>
        </test-method> <!-- correctLogin -->
        <test-method status="PASS" signature="afterMethod()[pri:0, instance:com.com.java.AdactinLogin@26be92ad]" name="afterMethod" is-config="true" duration-ms="0" started-at="2017-05-04T12:16:48Z" finished-at="2017-05-04T12:16:48Z">
          <reporter-output>
          </reporter-output>
        </test-method> <!-- afterMethod -->
        <test-method status="PASS" signature="beforeMethod()[pri:0, instance:com.com.java.AdactinLogin@26be92ad]" name="beforeMethod" is-config="true" duration-ms="678" started-at="2017-05-04T12:16:48Z" finished-at="2017-05-04T12:16:49Z">
          <reporter-output>
          </reporter-output>
        </test-method> <!-- beforeMethod -->
        <test-method status="PASS" signature="incorrectLogin()[pri:0, instance:com.com.java.AdactinLogin@26be92ad]" name="incorrectLogin" duration-ms="1846" started-at="2017-05-04T12:16:49Z" finished-at="2017-05-04T12:16:50Z">
          <reporter-output>
          </reporter-output>
        </test-method> <!-- incorrectLogin -->
        <test-method status="PASS" signature="afterMethod()[pri:0, instance:com.com.java.AdactinLogin@26be92ad]" name="afterMethod" is-config="true" duration-ms="1" started-at="2017-05-04T12:16:50Z" finished-at="2017-05-04T12:16:50Z">
          <reporter-output>
          </reporter-output>
        </test-method> <!-- afterMethod -->
        <test-method status="PASS" signature="afterClass()[pri:0, instance:com.com.java.AdactinLogin@26be92ad]" name="afterClass" is-config="true" duration-ms="1095" started-at="2017-05-04T12:16:50Z" finished-at="2017-05-04T12:16:52Z">
          <reporter-output>
          </reporter-output>
        </test-method> <!-- afterClass -->
      </class> <!-- com.com.java.AdactinLogin -->
    </test> <!-- Default test -->
  </suite> <!-- Default suite -->
</testng-results>
